Using pre-set license
Built from '2020.2/release' branch; Version is '2020.2.2f1 (068178b99f32) revision 426360'; Using compiler version '192528614'; Build Type 'Release'
OS: 'Windows 10 Home; OS build 19042.804; Version 2009; 64bit' Language: 'en' Physical Memory: 16309 MB
BatchMode: 1, IsHumanControllingUs: 0, StartBugReporterOnCrash: 0, Is64bit: 1, IsPro: 0

 COMMAND LINE ARGUMENTS:
C:\Users\klusk\Documents\Unity\2020.2.2f1\Editor\Unity.exe
-adb2
-batchMode
-noUpm
-name
AssetImportWorker0
-projectPath
C:/Users/klusk/Documents/Bachelor/bachelor/Bachelor NxT
-logFile
Logs/AssetImportWorker0.log
-srvPort
53230
Successfully changed project path to: C:/Users/klusk/Documents/Bachelor/bachelor/Bachelor NxT
C:/Users/klusk/Documents/Bachelor/bachelor/Bachelor NxT
Using Asset Import Pipeline V2.
Refreshing native plugins compatible for Editor in 58.03 ms, found 0 plugins.
Preloading 0 native plugins for Editor in 0.00 ms.
Initialize engine version: 2020.2.2f1 (068178b99f32)
[Subsystems] Discovering subsystems at path C:/Users/klusk/Documents/Unity/2020.2.2f1/Editor/Data/Resources/UnitySubsystems
[Subsystems] Discovering subsystems at path C:/Users/klusk/Documents/Bachelor/bachelor/Bachelor NxT/Assets
GfxDevice: creating device client; threaded=0
Direct3D:
    Version:  Direct3D 11.0 [level 11.1]
    Renderer: NVIDIA GeForce RTX 3070 (ID=0x2484)
    Vendor:   
    VRAM:     8043 MB
    Driver:   27.21.14.6109
Initialize mono
Mono path[0] = 'C:/Users/klusk/Documents/Unity/2020.2.2f1/Editor/Data/Managed'
Mono path[1] = 'C:/Users/klusk/Documents/Unity/2020.2.2f1/Editor/Data/MonoBleedingEdge/lib/mono/unityjit'
Mono config path = 'C:/Users/klusk/Documents/Unity/2020.2.2f1/Editor/Data/MonoBleedingEdge/etc'
Using monoOptions --debugger-agent=transport=dt_socket,embedding=1,server=y,suspend=n,address=127.0.0.1:56648
Begin MonoManager ReloadAssembly
Registering precompiled unity dll's ...
Register platform support module: C:/Users/klusk/Documents/Unity/2020.2.2f1/Editor/Data/PlaybackEngines/WindowsStandaloneSupport/UnityEditor.WindowsStandalone.Extensions.dll
Registered in 0.001442 seconds.
Native extension for WindowsStandalone target not found
Refreshing native plugins compatible for Editor in 59.41 ms, found 0 plugins.
Preloading 0 native plugins for Editor in 0.00 ms.
Invoked RoslynAnalysisRunner static constructor.
RoslynAnalysisRunner will not be running.
RoslynAnalysisRunner has terminated.
Mono: successfully reloaded assembly
- Completed reload, in  1.286 seconds
Platform modules already initialized, skipping
Registering precompiled user dll's ...
Registered in 0.001082 seconds.
Begin MonoManager ReloadAssembly
Native extension for WindowsStandalone target not found
Refreshing native plugins compatible for Editor in 63.10 ms, found 0 plugins.
Preloading 0 native plugins for Editor in 0.00 ms.
Invoked RoslynAnalysisRunner static constructor.
RoslynAnalysisRunner will not be running.
RoslynAnalysisRunner has terminated.
Mono: successfully reloaded assembly
- Completed reload, in  0.984 seconds
Platform modules already initialized, skipping
========================================================================
Worker process is ready to serve import requests
Launched and connected shader compiler UnityShaderCompiler.exe after 0.03 seconds
Refreshing native plugins compatible for Editor in 1.18 ms, found 0 plugins.
Preloading 0 native plugins for Editor in 0.00 ms.
Unloading 3515 Unused Serialized files (Serialized files now loaded: 0)
System memory in use before: 172.1 MB.
System memory in use after: 169.4 MB.

Unloading 44 unused Assets to reduce memory usage. Loaded Objects now: 3940.
Total: 4.314700 ms (FindLiveObjects: 0.540200 ms CreateObjectMapping: 0.121400 ms MarkObjects: 2.104000 ms  DeleteObjects: 1.547700 ms)

========================================================================
Received Import Request.
  path: Assets/Scripts/SimpleCameraController.cs
  artifactKey: Guid(14e519c409be4a1428028347410f5677) Importer(815301076,1909f56bfc062723c751e8b465ee728b)
Start importing Assets/Scripts/SimpleCameraController.cs using Guid(14e519c409be4a1428028347410f5677) Importer(815301076,1909f56bfc062723c751e8b465ee728b)  -> (artifact id: '7fb00867c9769b1c5d7134fd3a1b60e5') in 0.023305 seconds
  Import took 0.028411 seconds .

========================================================================
Received Import Request.
  Time since last request: 0.000173 seconds.
  path: Assets/Scripts/PlayerMovement.cs
  artifactKey: Guid(87f6dfceb3e39a947a312f7eeaa2a113) Importer(815301076,1909f56bfc062723c751e8b465ee728b)
Start importing Assets/Scripts/PlayerMovement.cs using Guid(87f6dfceb3e39a947a312f7eeaa2a113) Importer(815301076,1909f56bfc062723c751e8b465ee728b)  -> (artifact id: '32e06ff162caef68123593f1a06806fd') in 0.006038 seconds
  Import took 0.010978 seconds .

========================================================================
Received Import Request.
  Time since last request: 0.000150 seconds.
  path: Assets/Scripts
  artifactKey: Guid(4719b0884aa2ce045bd0bc265ca981a3) Importer(815301076,1909f56bfc062723c751e8b465ee728b)
Start importing Assets/Scripts using Guid(4719b0884aa2ce045bd0bc265ca981a3) Importer(815301076,1909f56bfc062723c751e8b465ee728b)  -> (artifact id: 'f0291f623f531024e0df2c85f1382bed') in 0.007552 seconds
  Import took 0.011845 seconds .

========================================================================
Received Import Request.
  Time since last request: 0.416749 seconds.
  path: Assets/Scripts/LookWithMouse.cs
  artifactKey: Guid(4eb578550bc4f824e97f0a72eac1f3a5) Importer(815301076,1909f56bfc062723c751e8b465ee728b)
Start importing Assets/Scripts/LookWithMouse.cs using Guid(4eb578550bc4f824e97f0a72eac1f3a5) Importer(815301076,1909f56bfc062723c751e8b465ee728b)  -> (artifact id: '850371808f66b7867508afa974880a8e') in 0.005835 seconds
  Import took 0.010478 seconds .

========================================================================
Received Import Request.
  Time since last request: 0.000384 seconds.
  path: Assets/Scripts/LookWithMouse.cs
  artifactKey: Guid(4eb578550bc4f824e97f0a72eac1f3a5) Importer(815301076,1909f56bfc062723c751e8b465ee728b)
Start importing Assets/Scripts/LookWithMouse.cs using Guid(4eb578550bc4f824e97f0a72eac1f3a5) Importer(815301076,1909f56bfc062723c751e8b465ee728b)  -> (artifact id: '850371808f66b7867508afa974880a8e') in 0.002071 seconds
  Import took 0.005873 seconds .

========================================================================
Received Import Request.
  Time since last request: 3.882745 seconds.
  path: Assets
  artifactKey: Guid(00000000000000001000000000000000) Importer(815301076,1909f56bfc062723c751e8b465ee728b)
Start importing Assets using Guid(00000000000000001000000000000000) Importer(815301076,1909f56bfc062723c751e8b465ee728b)  -> (artifact id: '4a6e520b92ccfc61bcfa21a7bcab8468') in 0.005439 seconds
  Import took 0.009988 seconds .

========================================================================
Received Import Request.
  Time since last request: 4.833904 seconds.
  path: Assets/Editor
  artifactKey: Guid(92f1b03bf383be041b215b4d4cd1dc6b) Importer(815301076,1909f56bfc062723c751e8b465ee728b)
Start importing Assets/Editor using Guid(92f1b03bf383be041b215b4d4cd1dc6b) Importer(815301076,1909f56bfc062723c751e8b465ee728b)  -> (artifact id: '870d305be6d0be0e8ebca1a1eb0217b3') in 0.005444 seconds
  Import took 0.010002 seconds .

========================================================================
Received Import Request.
  Time since last request: 12.917111 seconds.
  path: Assets/WaypointEditor.cs
  artifactKey: Guid(048b6d3b94d248044be4f49e65a8f668) Importer(815301076,1909f56bfc062723c751e8b465ee728b)
Start importing Assets/WaypointEditor.cs using Guid(048b6d3b94d248044be4f49e65a8f668) Importer(815301076,1909f56bfc062723c751e8b465ee728b)  -> (artifact id: 'dee6ed8ab08e9a72aeb1e7872bcdcc36') in 0.006005 seconds
  Import took 0.010706 seconds .

========================================================================
Received Import Request.
  Time since last request: 0.003221 seconds.
  path: Assets/WaypointEditor.cs
  artifactKey: Guid(048b6d3b94d248044be4f49e65a8f668) Importer(815301076,1909f56bfc062723c751e8b465ee728b)
Start importing Assets/WaypointEditor.cs using Guid(048b6d3b94d248044be4f49e65a8f668) Importer(815301076,1909f56bfc062723c751e8b465ee728b)  -> (artifact id: 'dee6ed8ab08e9a72aeb1e7872bcdcc36') in 0.002413 seconds
  Import took 0.007021 seconds .

========================================================================
Received Import Request.
  Time since last request: 26.602181 seconds.
  path: Assets/Scripts/AI
  artifactKey: Guid(b270f69330f0ffc4a9597f7204305096) Importer(815301076,1909f56bfc062723c751e8b465ee728b)
Start importing Assets/Scripts/AI using Guid(b270f69330f0ffc4a9597f7204305096) Importer(815301076,1909f56bfc062723c751e8b465ee728b)  -> (artifact id: '64b7f02fab2480b28573bdbe04ac3387') in 0.005452 seconds
  Import took 0.009681 seconds .

========================================================================
Received Prepare
Registering precompiled user dll's ...
Registered in 0.001200 seconds.
Begin MonoManager ReloadAssembly
Native extension for WindowsStandalone target not found
Refreshing native plugins compatible for Editor in 0.58 ms, found 0 plugins.
Preloading 0 native plugins for Editor in 0.00 ms.
Invoked RoslynAnalysisRunner static constructor.
RoslynAnalysisRunner will not be running.
RoslynAnalysisRunner has terminated.
Mono: successfully reloaded assembly
- Completed reload, in  0.800 seconds
Platform modules already initialized, skipping
Refreshing native plugins compatible for Editor in 0.57 ms, found 0 plugins.
Preloading 0 native plugins for Editor in 0.00 ms.
Unloading 3260 Unused Serialized files (Serialized files now loaded: 0)
System memory in use before: 161.7 MB.
System memory in use after: 159.1 MB.

Unloading 39 unused Assets to reduce memory usage. Loaded Objects now: 3948.
Total: 4.038600 ms (FindLiveObjects: 0.324000 ms CreateObjectMapping: 0.084400 ms MarkObjects: 1.965300 ms  DeleteObjects: 1.663700 ms)

========================================================================
Received Import Request.
  Time since last request: 24.058624 seconds.
  path: Assets/Prefabs
  artifactKey: Guid(35e494689b756f3478820d2d2251d243) Importer(815301076,1909f56bfc062723c751e8b465ee728b)
Start importing Assets/Prefabs using Guid(35e494689b756f3478820d2d2251d243) Importer(815301076,1909f56bfc062723c751e8b465ee728b)  -> (artifact id: '70393810e2678e284c6ec064ca7f88ea') in 0.008791 seconds
  Import took 0.013448 seconds .

========================================================================
Received Import Request.
  Time since last request: 6.259671 seconds.
  path: Assets/Scripts/Player
  artifactKey: Guid(85f559d28fbc7274d9ab6b63a37c95bb) Importer(815301076,1909f56bfc062723c751e8b465ee728b)
Start importing Assets/Scripts/Player using Guid(85f559d28fbc7274d9ab6b63a37c95bb) Importer(815301076,1909f56bfc062723c751e8b465ee728b)  -> (artifact id: 'da7cc60c539d127773e87e082eac58b6') in 0.005547 seconds
  Import took 0.010264 seconds .

========================================================================
Received Prepare
Registering precompiled user dll's ...
Registered in 0.001262 seconds.
Begin MonoManager ReloadAssembly
Native extension for WindowsStandalone target not found
Refreshing native plugins compatible for Editor in 0.59 ms, found 0 plugins.
Preloading 0 native plugins for Editor in 0.00 ms.
Invoked RoslynAnalysisRunner static constructor.
RoslynAnalysisRunner will not be running.
RoslynAnalysisRunner has terminated.
Mono: successfully reloaded assembly
- Completed reload, in  0.804 seconds
Platform modules already initialized, skipping
Refreshing native plugins compatible for Editor in 0.57 ms, found 0 plugins.
Preloading 0 native plugins for Editor in 0.00 ms.
Unloading 3261 Unused Serialized files (Serialized files now loaded: 0)
System memory in use before: 161.9 MB.
System memory in use after: 159.2 MB.

Unloading 39 unused Assets to reduce memory usage. Loaded Objects now: 3951.
Total: 3.782700 ms (FindLiveObjects: 0.296000 ms CreateObjectMapping: 0.095600 ms MarkObjects: 1.652800 ms  DeleteObjects: 1.737600 ms)

========================================================================
Received Import Request.
  Time since last request: 23.941486 seconds.
  path: Assets/Prefabs/Pedestrian (cube).prefab
  artifactKey: Guid(af33364dddc208e4eb0fcc1c9ce32128) Importer(815301076,1909f56bfc062723c751e8b465ee728b)
Start importing Assets/Prefabs/Pedestrian (cube).prefab using Guid(af33364dddc208e4eb0fcc1c9ce32128) Importer(815301076,1909f56bfc062723c751e8b465ee728b)  -> (artifact id: '638fd6564e34f53ae12abd2564265a4b') in 0.883819 seconds
  Import took 0.890333 seconds .

========================================================================
Received Import Request.
  Time since last request: 0.000171 seconds.
  path: Assets/Prefabs/Player.prefab
  artifactKey: Guid(dfe8f7dd91cb52a45a6e8ffb3b0d497f) Importer(815301076,1909f56bfc062723c751e8b465ee728b)
Start importing Assets/Prefabs/Player.prefab using Guid(dfe8f7dd91cb52a45a6e8ffb3b0d497f) Importer(815301076,1909f56bfc062723c751e8b465ee728b)  -> (artifact id: '389f700d6267b072162aed921b2a8eae') in 0.007089 seconds
  Import took 0.011772 seconds .

AssetImportWorkerClient::OnTransportError - code=2 error=End of file
